
> programming-manual@0.0.0 build
> vite build

[36mvite v6.4.1 [32mbuilding for production...[36m[39m
transforming...
[32m✓[39m 7 modules transformed.
[31m✗[39m Build failed in 107ms
[31merror during build:
[31m[vite:build-import-analysis] [plugin vite:build-import-analysis] src/data/js-topics.js (2:72): Failed to parse source for import analysis because the content contains invalid JS syntax. If you are using JSX, make sure to name the file with the .jsx or .tsx extension.[31m
file: [36mC:/Users/Lenovo/Desktop/programming-manual-20260203T111015Z-3-001/programming-manual/src/data/js-topics.js:2:72[31m
[33m
1: import { vocabularyCategory } from './js-categories/vocabulary.js';
2: import { flashcardsCategory } from './js-categories/flashcards.js';.js';
                                                                           ^
3: 
4: export const categories = [
[31m
    at getRollupError (file:///C:/Users/Lenovo/Desktop/programming-manual-20260203T111015Z-3-001/programming-manual/node_modules/rollup/dist/es/shared/parseAst.js:400:41)
    at error (file:///C:/Users/Lenovo/Desktop/programming-manual-20260203T111015Z-3-001/programming-manual/node_modules/rollup/dist/es/shared/parseAst.js:396:42)
    at Object.error (file:///C:/Users/Lenovo/Desktop/programming-manual-20260203T111015Z-3-001/programming-manual/node_modules/rollup/dist/es/shared/node-entry.js:22205:20)
    at Object.error (file:///C:/Users/Lenovo/Desktop/programming-manual-20260203T111015Z-3-001/programming-manual/node_modules/rollup/dist/es/shared/node-entry.js:21262:42)
    at Object.handler (file:///C:/Users/Lenovo/Desktop/programming-manual-20260203T111015Z-3-001/programming-manual/node_modules/vite/dist/node/chunks/dep-D4NMHUTW.js:45418:16)[39m
